[0.007s] Invoking command in '/home/zh/slam/fastlio_ros2humble/build/livox_ros_driver2': CMAKE_PREFIX_PATH=${CMAKE_PREFIX_PATH}:/home/zh/unitree/go2/unitree_ros2/cyclonedds_ws/install/go2_tutorial_py:/home/zh/unitree/go2/unitree_ros2/cyclonedds_ws/install/go2_driver_py:/home/zh/unitree/go2/unitree_ros2/cyclonedds_ws/install/helloworld_py:/home/zh/unitree/go2/unitree_ros2/cyclonedds_ws/install/go2_twist_bridge_py:/home/zh/unitree/go2/unitree_ros2/cyclonedds_ws/install/go2_teleop_ctrl_keyboard:/opt/ros/humble /usr/bin/cmake /home/zh/slam/fastlio_ros2humble/src/livox_ros_driver2 -DCMAKE_INSTALL_PREFIX=/home/zh/slam/fastlio_ros2humble/install/livox_ros_driver2
[0.013s] -- livox_ros_driver2 version: 1.2.4
[0.013s] -- Found ament_cmake_auto: 1.3.11 (/opt/ros/humble/share/ament_cmake_auto/cmake)
[0.125s] -- Using all available rosidl_typesupport_c: rosidl_typesupport_fastrtps_c;rosidl_typesupport_introspection_c
[0.126s] -- Found rosidl_adapter: 3.1.6 (/opt/ros/humble/share/rosidl_adapter/cmake)
[0.138s] -- Using all available rosidl_typesupport_cpp: rosidl_typesupport_fastrtps_cpp;rosidl_typesupport_introspection_cpp
[0.162s] -- Found rmw_implementation_cmake: 6.1.2 (/opt/ros/humble/share/rmw_implementation_cmake/cmake)
[0.162s] -- Found rmw_cyclonedds_cpp: 1.3.4 (/home/zh/unitree/go2/unitree_ros2/cyclonedds_ws/install/rmw_cyclonedds_cpp/share/rmw_cyclonedds_cpp/cmake)
[0.168s] -- Using RMW implementation 'rmw_cyclonedds_cpp' as default
[0.220s] -- Eigen found (include: /usr/include/eigen3, version: 3.4.0)
[0.237s] -- FLANN found (include: /usr/include, lib: /usr/lib/x86_64-linux-gnu/libflann_cpp.so)
[0.413s] -- OpenNI found (version: 1.5.4.0, include: /usr/include/ni, lib: /usr/lib/libOpenNI.so;libusb::libusb)
[0.416s] -- OpenNI2 found (version: 2.2.0.33, include: /usr/include/openni2, lib: /usr/lib/x86_64-linux-gnu/libOpenNI2.so;libusb::libusb)
[0.489s] -- Eigen found (include: /usr/include/eigen3, version: 3.4.0)
[0.492s] -- OpenNI found (version: 1.5.4.0, include: /usr/include/ni, lib: /usr/lib/libOpenNI.so;libusb::libusb)
[0.495s] -- OpenNI2 found (version: 2.2.0.33, include: /usr/include/openni2, lib: /usr/lib/x86_64-linux-gnu/libOpenNI2.so;libusb::libusb)
[0.562s] -- Found Qhull version 8.0.2
[0.631s] -- OpenNI found (version: 1.5.4.0, include: /usr/include/ni, lib: /usr/lib/libOpenNI.so;libusb::libusb)
[0.724s] -- Checking for module 'apr-1'
[0.725s] --   No package 'apr-1' found
[0.839s] -- Found ament_cmake_ros: 0.10.0 (/opt/ros/humble/share/ament_cmake_ros/cmake)
[0.956s] -- Using all available rosidl_typesupport_c: rosidl_typesupport_fastrtps_c;rosidl_typesupport_introspection_c
[1.115s] -- Using all available rosidl_typesupport_cpp: rosidl_typesupport_fastrtps_cpp;rosidl_typesupport_introspection_cpp
[1.131s] -- Found python_cmake_module: 0.10.0 (/opt/ros/humble/share/python_cmake_module/cmake)
[1.147s] -- Using PYTHON_EXECUTABLE: /home/zh/anaconda3/bin/python3
[1.147s] -- Using PYTHON_INCLUDE_DIRS: /home/zh/anaconda3/include/python3.10
[1.147s] -- Using PYTHON_LIBRARIES: /home/zh/anaconda3/lib/libpython3.10.so
[1.224s] -- Using numpy include directory: /home/zh/.local/lib/python3.10/site-packages/numpy/core/include
[1.237s] -- Found ament_lint_auto: 0.12.12 (/opt/ros/humble/share/ament_lint_auto/cmake)
[1.241s] -- Added test 'copyright' to check source files copyright and LICENSE
[1.243s] -- Added test 'cppcheck' to perform static code analysis on C / C++ code
[1.243s] -- Configured cppcheck include dirs: /home/zh/slam/fastlio_ros2humble/src/livox_ros_driver2/3rdparty;/home/zh/slam/fastlio_ros2humble/src/livox_ros_driver2/src
[1.243s] -- Configured cppcheck exclude dirs and/or files: 
[1.245s] -- Added test 'cpplint' to check C / C++ code against the Google style
[1.245s] -- Configured cpplint exclude dirs and/or files: 
[1.245s] -- Added test 'flake8' to check Python code syntax and style conventions
[1.246s] -- Added test 'lint_cmake' to check CMake code style
[1.246s] -- Added test 'pep257' to check Python code against some of the docstring style conventions in PEP 257
[1.248s] -- Added test 'uncrustify' to check C / C++ code style
[1.248s] -- Configured uncrustify additional arguments: 
[1.249s] -- Added test 'xmllint' to check XML markup files
[1.249s] -- Configuring done
[1.252s] [0mCMake Error: The following variables are used in this project, but they are set to NOTFOUND.
[1.252s] Please set them or make sure they are set and tested correctly in the CMake files:
[1.252s] /home/zh/slam/fastlio_ros2humble/src/livox_ros_driver2/LIVOX_INTERFACES_INCLUDE_DIRECTORIES
[1.252s]    used as include directory in directory /home/zh/slam/fastlio_ros2humble/src/livox_ros_driver2
[1.252s] [0m
[1.263s] [33mCMake Warning at /opt/ros/humble/share/rosidl_generator_py/cmake/rosidl_generator_py_generate_interfaces.cmake:166 (add_library):
[1.263s]   Cannot generate a safe runtime search path for target
[1.263s]   livox_interfaces2__rosidl_generator_py because files in some directories
[1.263s]   may conflict with libraries in implicit directories:
[1.263s] 
[1.263s]     runtime library [libpython3.10.so.1.0] in /usr/lib/x86_64-linux-gnu may be hidden by files in:
[1.263s]       /home/zh/anaconda3/lib
[1.263s] 
[1.263s]   Some of these libraries may not be found correctly.
[1.263s] Call Stack (most recent call first):
[1.263s]   /opt/ros/humble/share/ament_cmake_core/cmake/core/ament_execute_extensions.cmake:48 (include)
[1.263s]   /opt/ros/humble/share/rosidl_cmake/cmake/rosidl_generate_interfaces.cmake:286 (ament_execute_extensions)
[1.263s]   CMakeLists.txt:241 (rosidl_generate_interfaces)
[1.263s] 
[1.263s] [0m
[1.264s] [33mCMake Warning at /opt/ros/humble/share/rosidl_generator_py/cmake/rosidl_generator_py_generate_interfaces.cmake:226 (add_library):
[1.264s]   Cannot generate a safe runtime search path for target
[1.264s]   livox_ros_driver2__rosidl_typesupport_fastrtps_c__pyext because files in
[1.264s]   some directories may conflict with libraries in implicit directories:
[1.264s] 
[1.264s]     runtime library [libpython3.10.so.1.0] in /usr/lib/x86_64-linux-gnu may be hidden by files in:
[1.264s]       /home/zh/anaconda3/lib
[1.264s] 
[1.264s]   Some of these libraries may not be found correctly.
[1.264s] Call Stack (most recent call first):
[1.264s]   /opt/ros/humble/share/ament_cmake_core/cmake/core/ament_execute_extensions.cmake:48 (include)
[1.264s]   /opt/ros/humble/share/rosidl_cmake/cmake/rosidl_generate_interfaces.cmake:286 (ament_execute_extensions)
[1.264s]   CMakeLists.txt:241 (rosidl_generate_interfaces)
[1.264s] 
[1.264s] [0m
[1.265s] [33mCMake Warning at /opt/ros/humble/share/rosidl_generator_py/cmake/rosidl_generator_py_generate_interfaces.cmake:226 (add_library):
[1.265s]   Cannot generate a safe runtime search path for target
[1.265s]   livox_ros_driver2__rosidl_typesupport_introspection_c__pyext because files
[1.265s]   in some directories may conflict with libraries in implicit directories:
[1.265s] 
[1.265s]     runtime library [libpython3.10.so.1.0] in /usr/lib/x86_64-linux-gnu may be hidden by files in:
[1.265s]       /home/zh/anaconda3/lib
[1.265s] 
[1.265s]   Some of these libraries may not be found correctly.
[1.265s] Call Stack (most recent call first):
[1.265s]   /opt/ros/humble/share/ament_cmake_core/cmake/core/ament_execute_extensions.cmake:48 (include)
[1.265s]   /opt/ros/humble/share/rosidl_cmake/cmake/rosidl_generate_interfaces.cmake:286 (ament_execute_extensions)
[1.265s]   CMakeLists.txt:241 (rosidl_generate_interfaces)
[1.265s] 
[1.265s] [0m
[1.266s] [33mCMake Warning at /opt/ros/humble/share/rosidl_generator_py/cmake/rosidl_generator_py_generate_interfaces.cmake:226 (add_library):
[1.266s]   Cannot generate a safe runtime search path for target
[1.266s]   livox_ros_driver2__rosidl_typesupport_c__pyext because files in some
[1.266s]   directories may conflict with libraries in implicit directories:
[1.266s] 
[1.266s]     runtime library [libpython3.10.so.1.0] in /usr/lib/x86_64-linux-gnu may be hidden by files in:
[1.266s]       /home/zh/anaconda3/lib
[1.266s] 
[1.266s]   Some of these libraries may not be found correctly.
[1.266s] Call Stack (most recent call first):
[1.266s]   /opt/ros/humble/share/ament_cmake_core/cmake/core/ament_execute_extensions.cmake:48 (include)
[1.266s]   /opt/ros/humble/share/rosidl_cmake/cmake/rosidl_generate_interfaces.cmake:286 (ament_execute_extensions)
[1.266s]   CMakeLists.txt:241 (rosidl_generate_interfaces)
[1.266s] 
[1.266s] [0m
[1.276s] -- Generating done
[1.277s] [0mCMake Generate step failed.  Build files cannot be regenerated correctly.[0m
[1.290s] Invoked command in '/home/zh/slam/fastlio_ros2humble/build/livox_ros_driver2' returned '1': CMAKE_PREFIX_PATH=${CMAKE_PREFIX_PATH}:/home/zh/unitree/go2/unitree_ros2/cyclonedds_ws/install/go2_tutorial_py:/home/zh/unitree/go2/unitree_ros2/cyclonedds_ws/install/go2_driver_py:/home/zh/unitree/go2/unitree_ros2/cyclonedds_ws/install/helloworld_py:/home/zh/unitree/go2/unitree_ros2/cyclonedds_ws/install/go2_twist_bridge_py:/home/zh/unitree/go2/unitree_ros2/cyclonedds_ws/install/go2_teleop_ctrl_keyboard:/opt/ros/humble /usr/bin/cmake /home/zh/slam/fastlio_ros2humble/src/livox_ros_driver2 -DCMAKE_INSTALL_PREFIX=/home/zh/slam/fastlio_ros2humble/install/livox_ros_driver2
