[0.006s] Invoking command in '/home/zh/slam/fastlio_ros2humble/build/livox_ros_driver2': CMAKE_PREFIX_PATH=${CMAKE_PREFIX_PATH}:/home/zh/unitree/go2/unitree_ros2/cyclonedds_ws/install/go2_tutorial_py:/home/zh/unitree/go2/unitree_ros2/cyclonedds_ws/install/go2_driver_py:/home/zh/unitree/go2/unitree_ros2/cyclonedds_ws/install/helloworld_py:/home/zh/unitree/go2/unitree_ros2/cyclonedds_ws/install/go2_twist_bridge_py:/home/zh/unitree/go2/unitree_ros2/cyclonedds_ws/install/go2_teleop_ctrl_keyboard:/opt/ros/humble CONDA_PROMPT_MODIFIER=(base) /usr/bin/cmake /home/zh/slam/fastlio_ros2humble/src/livox_ros_driver2 -DCMAKE_INSTALL_PREFIX=/home/zh/slam/fastlio_ros2humble/install/livox_ros_driver2
[0.032s] -- The C compiler identification is GNU 11.4.0
[0.056s] -- The CXX compiler identification is GNU 11.4.0
[0.059s] -- Detecting C compiler ABI info
[0.089s] -- Detecting C compiler ABI info - done
[0.092s] -- Check for working C compiler: /usr/bin/cc - skipped
[0.092s] -- Detecting C compile features
[0.092s] -- Detecting C compile features - done
[0.093s] -- Detecting CXX compiler ABI info
[0.126s] -- Detecting CXX compiler ABI info - done
[0.130s] -- Check for working CXX compiler: /usr/bin/c++ - skipped
[0.130s] -- Detecting CXX compile features
[0.130s] -- Detecting CXX compile features - done
[0.131s] -- livox_ros_driver2 version: 1.2.4
[0.132s] -- Found ament_cmake_auto: 1.3.11 (/opt/ros/humble/share/ament_cmake_auto/cmake)
[0.908s] -- Found Python3: /home/zh/anaconda3/bin/python3 (found version "3.10.9") found components: Interpreter 
[1.088s] -- Using all available rosidl_typesupport_c: rosidl_typesupport_fastrtps_c;rosidl_typesupport_introspection_c
[1.094s] -- Found rosidl_adapter: 3.1.6 (/opt/ros/humble/share/rosidl_adapter/cmake)
[1.130s] -- Using all available rosidl_typesupport_cpp: rosidl_typesupport_fastrtps_cpp;rosidl_typesupport_introspection_cpp
[1.202s] -- Found rmw_implementation_cmake: 6.1.2 (/opt/ros/humble/share/rmw_implementation_cmake/cmake)
[1.203s] -- Found rmw_cyclonedds_cpp: 1.3.4 (/home/zh/unitree/go2/unitree_ros2/cyclonedds_ws/install/rmw_cyclonedds_cpp/share/rmw_cyclonedds_cpp/cmake)
[1.219s] -- Using RMW implementation 'rmw_cyclonedds_cpp' as default
[1.226s] -- Looking for pthread.h
[1.394s] -- Looking for pthread.h - found
[1.394s] -- Performing Test CMAKE_HAVE_LIBC_PTHREAD
[1.545s] -- Performing Test CMAKE_HAVE_LIBC_PTHREAD - Success
[1.546s] -- Found Threads: TRUE  
[1.732s] -- Checking for module 'eigen3'
[1.759s] --   Found eigen3, version 3.4.0
[1.823s] -- Found Eigen: /usr/include/eigen3 (Required is at least version "3.1") 
[1.824s] -- Eigen found (include: /usr/include/eigen3, version: 3.4.0)
[1.893s] -- Checking for module 'flann'
[1.918s] --   Found flann, version 1.9.1
[2.013s] -- Found FLANN: /usr/lib/x86_64-linux-gnu/libflann_cpp.so  
[2.017s] -- FLANN found (include: /usr/include, lib: /usr/lib/x86_64-linux-gnu/libflann_cpp.so)
[3.059s] -- Checking for module 'libusb-1.0'
[3.065s] --   Found libusb-1.0, version 1.0.25
[3.080s] -- Found libusb: /usr/lib/x86_64-linux-gnu/libusb-1.0.so  
[3.081s] -- OpenNI found (version: 1.5.4.0, include: /usr/include/ni, lib: /usr/lib/libOpenNI.so;libusb::libusb)
[3.105s] -- OpenNI2 found (version: 2.2.0.33, include: /usr/include/openni2, lib: /usr/lib/x86_64-linux-gnu/libOpenNI2.so;libusb::libusb)
[3.185s] -- Eigen found (include: /usr/include/eigen3, version: 3.4.0)
[3.188s] -- OpenNI found (version: 1.5.4.0, include: /usr/include/ni, lib: /usr/lib/libOpenNI.so;libusb::libusb)
[3.191s] -- OpenNI2 found (version: 2.2.0.33, include: /usr/include/openni2, lib: /usr/lib/x86_64-linux-gnu/libOpenNI2.so;libusb::libusb)
[3.264s] -- Found Qhull version 8.0.2
[3.338s] -- OpenNI found (version: 1.5.4.0, include: /usr/include/ni, lib: /usr/lib/libOpenNI.so;libusb::libusb)
[3.408s] -- Found PCL_COMMON: /usr/lib/x86_64-linux-gnu/libpcl_common.so  
[3.408s] -- Found PCL_KDTREE: /usr/lib/x86_64-linux-gnu/libpcl_kdtree.so  
[3.408s] -- Found PCL_OCTREE: /usr/lib/x86_64-linux-gnu/libpcl_octree.so  
[3.409s] -- Found PCL_SEARCH: /usr/lib/x86_64-linux-gnu/libpcl_search.so  
[3.409s] -- Found PCL_SAMPLE_CONSENSUS: /usr/lib/x86_64-linux-gnu/libpcl_sample_consensus.so  
[3.409s] -- Found PCL_FILTERS: /usr/lib/x86_64-linux-gnu/libpcl_filters.so  
[3.410s] -- Found PCL_2D: /usr/include/pcl-1.12  
[3.410s] -- Found PCL_GEOMETRY: /usr/include/pcl-1.12  
[3.410s] -- Found PCL_IO: /usr/lib/x86_64-linux-gnu/libpcl_io.so  
[3.410s] -- Found PCL_FEATURES: /usr/lib/x86_64-linux-gnu/libpcl_features.so  
[3.411s] -- Found PCL_ML: /usr/lib/x86_64-linux-gnu/libpcl_ml.so  
[3.411s] -- Found PCL_SEGMENTATION: /usr/lib/x86_64-linux-gnu/libpcl_segmentation.so  
[3.411s] -- Found PCL_VISUALIZATION: /usr/lib/x86_64-linux-gnu/libpcl_visualization.so  
[3.412s] -- Found PCL_SURFACE: /usr/lib/x86_64-linux-gnu/libpcl_surface.so  
[3.412s] -- Found PCL_REGISTRATION: /usr/lib/x86_64-linux-gnu/libpcl_registration.so  
[3.413s] -- Found PCL_KEYPOINTS: /usr/lib/x86_64-linux-gnu/libpcl_keypoints.so  
[3.413s] -- Found PCL_TRACKING: /usr/lib/x86_64-linux-gnu/libpcl_tracking.so  
[3.413s] -- Found PCL_RECOGNITION: /usr/lib/x86_64-linux-gnu/libpcl_recognition.so  
[3.414s] -- Found PCL_STEREO: /usr/lib/x86_64-linux-gnu/libpcl_stereo.so  
[3.414s] -- Found PCL_APPS: /usr/lib/x86_64-linux-gnu/libpcl_apps.so  
[3.414s] -- Found PCL_IN_HAND_SCANNER: /usr/include/pcl-1.12  
[3.414s] -- Found PCL_MODELER: /usr/include/pcl-1.12  
[3.414s] -- Found PCL_POINT_CLOUD_EDITOR: /usr/include/pcl-1.12  
[3.415s] -- Found PCL_OUTOFCORE: /usr/lib/x86_64-linux-gnu/libpcl_outofcore.so  
[3.415s] -- Found PCL_PEOPLE: /usr/lib/x86_64-linux-gnu/libpcl_people.so  
[3.439s] -- Found PkgConfig: /usr/bin/pkg-config (found version "0.29.2") 
[3.440s] -- Checking for module 'apr-1'
[3.441s] --   No package 'apr-1' found
[3.564s] -- Found ament_cmake_ros: 0.10.0 (/opt/ros/humble/share/ament_cmake_ros/cmake)
[3.698s] -- Using all available rosidl_typesupport_c: rosidl_typesupport_fastrtps_c;rosidl_typesupport_introspection_c
[3.874s] -- Using all available rosidl_typesupport_cpp: rosidl_typesupport_fastrtps_cpp;rosidl_typesupport_introspection_cpp
[3.894s] -- Found PythonInterp: /home/zh/anaconda3/bin/python3 (found suitable version "3.10.9", minimum required is "3.6") 
[3.896s] -- Found python_cmake_module: 0.10.0 (/opt/ros/humble/share/python_cmake_module/cmake)
[3.915s] -- Found PythonLibs: /home/zh/anaconda3/lib/libpython3.10.so (found suitable version "3.10.9", minimum required is "3.5") 
[3.915s] -- Using PYTHON_EXECUTABLE: /home/zh/anaconda3/bin/python3
[3.915s] -- Using PYTHON_INCLUDE_DIRS: /home/zh/anaconda3/include/python3.10
[3.915s] -- Using PYTHON_LIBRARIES: /home/zh/anaconda3/lib/libpython3.10.so
[3.933s] -- Found PythonExtra: .so  
[4.052s] -- Using numpy include directory: /home/zh/.local/lib/python3.10/site-packages/numpy/core/include
[4.119s] -- Found ament_lint_auto: 0.12.12 (/opt/ros/humble/share/ament_lint_auto/cmake)
[4.141s] -- Added test 'copyright' to check source files copyright and LICENSE
[4.143s] -- Added test 'cppcheck' to perform static code analysis on C / C++ code
[4.144s] -- Configured cppcheck include dirs: /home/zh/slam/fastlio_ros2humble/src/livox_ros_driver2/3rdparty;/home/zh/slam/fastlio_ros2humble/src/livox_ros_driver2/src
[4.144s] -- Configured cppcheck exclude dirs and/or files: 
[4.146s] -- Added test 'cpplint' to check C / C++ code against the Google style
[4.146s] -- Configured cpplint exclude dirs and/or files: 
[4.147s] -- Added test 'flake8' to check Python code syntax and style conventions
[4.148s] -- Added test 'lint_cmake' to check CMake code style
[4.148s] -- Added test 'pep257' to check Python code against some of the docstring style conventions in PEP 257
[4.150s] -- Added test 'uncrustify' to check C / C++ code style
[4.150s] -- Configured uncrustify additional arguments: 
[4.151s] -- Added test 'xmllint' to check XML markup files
[4.152s] -- Configuring done
[4.155s] [0mCMake Error: The following variables are used in this project, but they are set to NOTFOUND.
[4.155s] Please set them or make sure they are set and tested correctly in the CMake files:
[4.155s] /home/zh/slam/fastlio_ros2humble/src/livox_ros_driver2/LIVOX_INTERFACES_INCLUDE_DIRECTORIES
[4.155s]    used as include directory in directory /home/zh/slam/fastlio_ros2humble/src/livox_ros_driver2
[4.155s] [0m
[4.168s] [33mCMake Warning at /opt/ros/humble/share/rosidl_generator_py/cmake/rosidl_generator_py_generate_interfaces.cmake:166 (add_library):
[4.168s]   Cannot generate a safe runtime search path for target
[4.168s]   livox_interfaces2__rosidl_generator_py because files in some directories
[4.168s]   may conflict with libraries in implicit directories:
[4.168s] 
[4.168s]     runtime library [libpython3.10.so.1.0] in /usr/lib/x86_64-linux-gnu may be hidden by files in:
[4.169s]       /home/zh/anaconda3/lib
[4.169s] 
[4.169s]   Some of these libraries may not be found correctly.
[4.169s] Call Stack (most recent call first):
[4.169s]   /opt/ros/humble/share/ament_cmake_core/cmake/core/ament_execute_extensions.cmake:48 (include)
[4.169s]   /opt/ros/humble/share/rosidl_cmake/cmake/rosidl_generate_interfaces.cmake:286 (ament_execute_extensions)
[4.169s]   CMakeLists.txt:241 (rosidl_generate_interfaces)
[4.169s] 
[4.169s] [0m
[4.169s] [33mCMake Warning at /opt/ros/humble/share/rosidl_generator_py/cmake/rosidl_generator_py_generate_interfaces.cmake:226 (add_library):
[4.169s]   Cannot generate a safe runtime search path for target
[4.169s]   livox_ros_driver2__rosidl_typesupport_fastrtps_c__pyext because files in
[4.170s]   some directories may conflict with libraries in implicit directories:
[4.170s] 
[4.170s]     runtime library [libpython3.10.so.1.0] in /usr/lib/x86_64-linux-gnu may be hidden by files in:
[4.170s]       /home/zh/anaconda3/lib
[4.170s] 
[4.170s]   Some of these libraries may not be found correctly.
[4.170s] Call Stack (most recent call first):
[4.170s]   /opt/ros/humble/share/ament_cmake_core/cmake/core/ament_execute_extensions.cmake:48 (include)
[4.170s]   /opt/ros/humble/share/rosidl_cmake/cmake/rosidl_generate_interfaces.cmake:286 (ament_execute_extensions)
[4.170s]   CMakeLists.txt:241 (rosidl_generate_interfaces)
[4.170s] 
[4.170s] [0m
[4.170s] [33mCMake Warning at /opt/ros/humble/share/rosidl_generator_py/cmake/rosidl_generator_py_generate_interfaces.cmake:226 (add_library):
[4.170s]   Cannot generate a safe runtime search path for target
[4.170s]   livox_ros_driver2__rosidl_typesupport_introspection_c__pyext because files
[4.171s]   in some directories may conflict with libraries in implicit directories:
[4.171s] 
[4.171s]     runtime library [libpython3.10.so.1.0] in /usr/lib/x86_64-linux-gnu may be hidden by files in:
[4.171s]       /home/zh/anaconda3/lib
[4.171s] 
[4.171s]   Some of these libraries may not be found correctly.
[4.171s] Call Stack (most recent call first):
[4.171s]   /opt/ros/humble/share/ament_cmake_core/cmake/core/ament_execute_extensions.cmake:48 (include)
[4.171s]   /opt/ros/humble/share/rosidl_cmake/cmake/rosidl_generate_interfaces.cmake:286 (ament_execute_extensions)
[4.171s]   CMakeLists.txt:241 (rosidl_generate_interfaces)
[4.171s] 
[4.171s] [0m
[4.171s] [33mCMake Warning at /opt/ros/humble/share/rosidl_generator_py/cmake/rosidl_generator_py_generate_interfaces.cmake:226 (add_library):
[4.171s]   Cannot generate a safe runtime search path for target
[4.171s]   livox_ros_driver2__rosidl_typesupport_c__pyext because files in some
[4.171s]   directories may conflict with libraries in implicit directories:
[4.171s] 
[4.171s]     runtime library [libpython3.10.so.1.0] in /usr/lib/x86_64-linux-gnu may be hidden by files in:
[4.171s]       /home/zh/anaconda3/lib
[4.172s] 
[4.172s]   Some of these libraries may not be found correctly.
[4.172s] Call Stack (most recent call first):
[4.172s]   /opt/ros/humble/share/ament_cmake_core/cmake/core/ament_execute_extensions.cmake:48 (include)
[4.172s]   /opt/ros/humble/share/rosidl_cmake/cmake/rosidl_generate_interfaces.cmake:286 (ament_execute_extensions)
[4.172s]   CMakeLists.txt:241 (rosidl_generate_interfaces)
[4.172s] 
[4.172s] [0m
[4.206s] -- Generating done
[4.208s] [0mCMake Generate step failed.  Build files cannot be regenerated correctly.[0m
[4.231s] Invoked command in '/home/zh/slam/fastlio_ros2humble/build/livox_ros_driver2' returned '1': CMAKE_PREFIX_PATH=${CMAKE_PREFIX_PATH}:/home/zh/unitree/go2/unitree_ros2/cyclonedds_ws/install/go2_tutorial_py:/home/zh/unitree/go2/unitree_ros2/cyclonedds_ws/install/go2_driver_py:/home/zh/unitree/go2/unitree_ros2/cyclonedds_ws/install/helloworld_py:/home/zh/unitree/go2/unitree_ros2/cyclonedds_ws/install/go2_twist_bridge_py:/home/zh/unitree/go2/unitree_ros2/cyclonedds_ws/install/go2_teleop_ctrl_keyboard:/opt/ros/humble CONDA_PROMPT_MODIFIER=(base) /usr/bin/cmake /home/zh/slam/fastlio_ros2humble/src/livox_ros_driver2 -DCMAKE_INSTALL_PREFIX=/home/zh/slam/fastlio_ros2humble/install/livox_ros_driver2
