[35m[1mConsolidate compiler generated dependencies of target livox_lidar_sdk_static[0m
[35m[1mConsolidate compiler generated dependencies of target livox_lidar_sdk_shared[0m
[ 42%] Built target livox_lidar_sdk_static
[ 84%] Built target livox_lidar_sdk_shared
[35m[1mConsolidate compiler generated dependencies of target livox_lidar_quick_start[0m
[35m[1mConsolidate compiler generated dependencies of target multi_lidars_upgrade[0m
[35m[1mConsolidate compiler generated dependencies of target lidar_cmd_observer[0m
[35m[1mConsolidate compiler generated dependencies of target logger[0m
[35m[1mConsolidate compiler generated dependencies of target debug_point_cloud[0m
[35m[1mConsolidate compiler generated dependencies of target livox_lidar_rmc_time_sync[0m
[ 87%] Built target livox_lidar_quick_start
[ 89%] Built target multi_lidars_upgrade
[ 95%] Built target debug_point_cloud
[ 95%] Built target lidar_cmd_observer
[ 96%] Built target logger
[100%] Built target livox_lidar_rmc_time_sync
-- Install configuration: ""
-- Installing: /home/zh/slam/fastlio_ros2humble/install/livox_sdk2/lib/liblivox_lidar_sdk_static.a
-- Installing: /home/zh/slam/fastlio_ros2humble/install/livox_sdk2/include/livox_lidar_def.h
-- Installing: /home/zh/slam/fastlio_ros2humble/install/livox_sdk2/include/livox_lidar_api.h
-- Installing: /home/zh/slam/fastlio_ros2humble/install/livox_sdk2/include/livox_lidar_cfg.h
-- Installing: /home/zh/slam/fastlio_ros2humble/install/livox_sdk2/lib/liblivox_lidar_sdk_shared.so
